[debug] [2021-03-13T14:34:18.312Z] ----------------------------------------------------------------------
[debug] [2021-03-13T14:34:18.315Z] Command:       C:\Program Files\nodejs\node.exe C:\Users\trevo\AppData\Roaming\npm\node_modules\firebase-tools\lib\bin\firebase.js deploy
[debug] [2021-03-13T14:34:18.316Z] CLI Version:   9.6.1
[debug] [2021-03-13T14:34:18.316Z] Platform:      win32
[debug] [2021-03-13T14:34:18.316Z] Node Version:  v14.15.4
[debug] [2021-03-13T14:34:18.318Z] Time:          Sat Mar 13 2021 09:34:18 GMT-0500 (Eastern Standard Time)
[debug] [2021-03-13T14:34:18.318Z] ----------------------------------------------------------------------
[debug] [2021-03-13T14:34:18.318Z] 
[debug] [2021-03-13T14:34:18.330Z] > command requires scopes: ["email","openid","https://www.googleapis.com/auth/cloudplatformprojects.readonly","https://www.googleapis.com/auth/firebase","https://www.googleapis.com/auth/cloud-platform"]
[debug] [2021-03-13T14:34:18.331Z] > authorizing via signed-in user
[debug] [2021-03-13T14:34:18.331Z] [iam] checking project tm-market for permissions ["cloudfunctions.functions.create","cloudfunctions.functions.delete","cloudfunctions.functions.get","cloudfunctions.functions.list","cloudfunctions.functions.update","cloudfunctions.operations.get","datastore.indexes.create","datastore.indexes.delete","datastore.indexes.list","datastore.indexes.update","firebase.projects.get","firebasedatabase.instances.update"]
[debug] [2021-03-13T14:34:18.334Z] > refreshing access token with scopes: ["email","https://www.googleapis.com/auth/cloud-platform","https://www.googleapis.com/auth/cloudplatformprojects.readonly","https://www.googleapis.com/auth/firebase","openid"]
[debug] [2021-03-13T14:34:18.335Z] >>> HTTP REQUEST POST https://www.googleapis.com/oauth2/v3/token  
 <request body omitted>
[debug] [2021-03-13T14:34:18.526Z] <<< HTTP RESPONSE 200 {"pragma":"no-cache","expires":"Mon, 01 Jan 1990 00:00:00 GMT","date":"Sat, 13 Mar 2021 14:34:17 GMT","cache-control":"no-cache, no-store, max-age=0, must-revalidate","content-type":"application/json; charset=utf-8","vary":"X-Origin, Referer, Origin,Accept-Encoding","server":"scaffolding on HTTPServer2","x-xss-protection":"0","x-frame-options":"SAMEORIGIN","x-content-type-options":"nosniff","alt-svc":"h3-29=\":443\"; ma=2592000,h3-T051=\":443\"; ma=2592000,h3-Q050=\":443\"; ma=2592000,h3-Q046=\":443\"; ma=2592000,h3-Q043=\":443\"; ma=2592000,quic=\":443\"; ma=2592000; v=\"46,43\"","accept-ranges":"none","transfer-encoding":"chunked"}
[debug] [2021-03-13T14:34:18.582Z] >>> HTTP REQUEST POST https://cloudresourcemanager.googleapis.com/v1/projects/tm-market:testIamPermissions  
 {"permissions":["cloudfunctions.functions.create","cloudfunctions.functions.delete","cloudfunctions.functions.get","cloudfunctions.functions.list","cloudfunctions.functions.update","cloudfunctions.operations.get","datastore.indexes.create","datastore.indexes.delete","datastore.indexes.list","datastore.indexes.update","firebase.projects.get","firebasedatabase.instances.update"]}
[debug] [2021-03-13T14:34:18.740Z] <<< HTTP RESPONSE 200 {"content-type":"application/json; charset=UTF-8","vary":"X-Origin, Referer, Origin,Accept-Encoding","date":"Sat, 13 Mar 2021 14:34:18 GMT","server":"ESF","cache-control":"private","x-xss-protection":"0","x-frame-options":"SAMEORIGIN","x-content-type-options":"nosniff","server-timing":"gfet4t7; dur=43","alt-svc":"h3-29=\":443\"; ma=2592000,h3-T051=\":443\"; ma=2592000,h3-Q050=\":443\"; ma=2592000,h3-Q046=\":443\"; ma=2592000,h3-Q043=\":443\"; ma=2592000,quic=\":443\"; ma=2592000; v=\"46,43\"","accept-ranges":"none","transfer-encoding":"chunked"}
[debug] [2021-03-13T14:34:18.745Z] >>> HTTP REQUEST POST https://iam.googleapis.com/v1/projects/tm-market/serviceAccounts/tm-market@appspot.gserviceaccount.com:testIamPermissions  
 {"permissions":["iam.serviceAccounts.actAs"]}
[debug] [2021-03-13T14:34:18.899Z] <<< HTTP RESPONSE 200 {"content-type":"application/json; charset=UTF-8","vary":"X-Origin, Referer, Origin,Accept-Encoding","date":"Sat, 13 Mar 2021 14:34:18 GMT","server":"ESF","cache-control":"private","x-xss-protection":"0","x-frame-options":"SAMEORIGIN","x-content-type-options":"nosniff","alt-svc":"h3-29=\":443\"; ma=2592000,h3-T051=\":443\"; ma=2592000,h3-Q050=\":443\"; ma=2592000,h3-Q046=\":443\"; ma=2592000,h3-Q043=\":443\"; ma=2592000,quic=\":443\"; ma=2592000; v=\"46,43\"","accept-ranges":"none","transfer-encoding":"chunked"}
[debug] [2021-03-13T14:34:18.905Z] > refreshing access token with scopes: []
[debug] [2021-03-13T14:34:18.906Z] >>> HTTP REQUEST POST https://www.googleapis.com/oauth2/v3/token  
 <request body omitted>
[debug] [2021-03-13T14:34:19.023Z] <<< HTTP RESPONSE 200 {"date":"Sat, 13 Mar 2021 14:34:18 GMT","cache-control":"no-cache, no-store, max-age=0, must-revalidate","expires":"Mon, 01 Jan 1990 00:00:00 GMT","pragma":"no-cache","content-type":"application/json; charset=utf-8","vary":"X-Origin, Referer, Origin,Accept-Encoding","server":"scaffolding on HTTPServer2","x-xss-protection":"0","x-frame-options":"SAMEORIGIN","x-content-type-options":"nosniff","alt-svc":"h3-29=\":443\"; ma=2592000,h3-T051=\":443\"; ma=2592000,h3-Q050=\":443\"; ma=2592000,h3-Q046=\":443\"; ma=2592000,h3-Q043=\":443\"; ma=2592000,quic=\":443\"; ma=2592000; v=\"46,43\"","accept-ranges":"none","transfer-encoding":"chunked"}
[debug] [2021-03-13T14:34:19.049Z] >>> [apiv2][query] GET https://firebase.googleapis.com/v1beta1/projects/tm-market [none]
[debug] [2021-03-13T14:34:19.410Z] <<< [apiv2][status] GET https://firebase.googleapis.com/v1beta1/projects/tm-market 200
[debug] [2021-03-13T14:34:19.411Z] <<< [apiv2][body] GET https://firebase.googleapis.com/v1beta1/projects/tm-market {"projectId":"tm-market","projectNumber":"1037563924628","displayName":"TM Market","name":"projects/tm-market","resources":{"hostingSite":"tm-market","realtimeDatabaseInstance":"tm-market","storageBucket":"tm-market.appspot.com","locationId":"us-central"},"state":"ACTIVE"}
[warn] !  functions: package.json indicates an outdated version of firebase-functions.
Please upgrade using npm install --save firebase-functions@latest in your functions directory. 
[info] 
[info] === Deploying to 'tm-market'...
[info] 
[info] i  deploying database, firestore, functions 
[info] i  database: checking rules syntax... 
[debug] [2021-03-13T14:34:28.240Z] > refreshing access token with scopes: ["email","https://www.googleapis.com/auth/cloud-platform","https://www.googleapis.com/auth/cloudplatformprojects.readonly","https://www.googleapis.com/auth/firebase","openid"]
[debug] [2021-03-13T14:34:28.240Z] >>> HTTP REQUEST POST https://www.googleapis.com/oauth2/v3/token  
 <request body omitted>
[debug] [2021-03-13T14:34:28.358Z] <<< HTTP RESPONSE 200 {"cache-control":"no-cache, no-store, max-age=0, must-revalidate","expires":"Mon, 01 Jan 1990 00:00:00 GMT","pragma":"no-cache","date":"Sat, 13 Mar 2021 14:34:27 GMT","content-type":"application/json; charset=utf-8","vary":"X-Origin, Referer, Origin,Accept-Encoding","server":"scaffolding on HTTPServer2","x-xss-protection":"0","x-frame-options":"SAMEORIGIN","x-content-type-options":"nosniff","alt-svc":"h3-29=\":443\"; ma=2592000,h3-T051=\":443\"; ma=2592000,h3-Q050=\":443\"; ma=2592000,h3-Q046=\":443\"; ma=2592000,h3-Q043=\":443\"; ma=2592000,quic=\":443\"; ma=2592000; v=\"46,43\"","accept-ranges":"none","transfer-encoding":"chunked"}
[debug] [2021-03-13T14:34:28.415Z] >>> HTTP REQUEST GET https://firebasedatabase.googleapis.com/v1beta/projects/tm-market/locations/-/instances/tm-market  
 
[debug] [2021-03-13T14:34:28.835Z] <<< HTTP RESPONSE 200 {"content-type":"application/json; charset=UTF-8","vary":"X-Origin, Referer, Origin,Accept-Encoding","date":"Sat, 13 Mar 2021 14:34:28 GMT","server":"ESF","cache-control":"private","x-xss-protection":"0","x-frame-options":"SAMEORIGIN","x-content-type-options":"nosniff","alt-svc":"h3-29=\":443\"; ma=2592000,h3-T051=\":443\"; ma=2592000,h3-Q050=\":443\"; ma=2592000,h3-Q046=\":443\"; ma=2592000,h3-Q043=\":443\"; ma=2592000,quic=\":443\"; ma=2592000; v=\"46,43\"","accept-ranges":"none","transfer-encoding":"chunked"}
[debug] [2021-03-13T14:34:28.841Z] >>> HTTP REQUEST PUT https://tm-market.firebaseio.com/.settings/rules.json?dryRun=true  
 {
  "rules": {
    ".read": true,
    ".write": true
  }
}

[debug] [2021-03-13T14:34:29.219Z] <<< HTTP RESPONSE 200 {"server":"nginx","date":"Sat, 13 Mar 2021 14:34:28 GMT","content-type":"application/json; charset=utf-8","content-length":"15","connection":"keep-alive","access-control-allow-origin":"*","cache-control":"no-cache","strict-transport-security":"max-age=31556926; includeSubDomains; preload"}
[info] +  database: rules syntax for database tm-market is valid 
[info] i  firestore: reading indexes from firestore.indexes.json... 
[info] i  cloud.firestore: checking firestore.rules for compilation errors... 
[debug] [2021-03-13T14:34:29.231Z] >>> HTTP REQUEST POST https://firebaserules.googleapis.com/v1/projects/tm-market:test  
 {"source":{"files":[{"name":"firestore.rules","content":"// Allow read/write access to all users under any conditions\r\n// Warning: **NEVER** use this rule set in production; it allows\r\n// anyone to overwrite your entire database.\r\nservice cloud.firestore {\r\n  match /databases/{database}/documents {\r\n    match /{document=**} {\r\n      allow read, write: if true;\r\n    }\r\n  }\r\n}"}]}}
[debug] [2021-03-13T14:34:29.588Z] <<< HTTP RESPONSE 200 {"content-type":"application/json; charset=UTF-8","vary":"X-Origin, Referer, Origin,Accept-Encoding","date":"Sat, 13 Mar 2021 14:34:28 GMT","server":"ESF","cache-control":"private","x-xss-protection":"0","x-frame-options":"SAMEORIGIN","x-content-type-options":"nosniff","alt-svc":"h3-29=\":443\"; ma=2592000,h3-T051=\":443\"; ma=2592000,h3-Q050=\":443\"; ma=2592000,h3-Q046=\":443\"; ma=2592000,h3-Q043=\":443\"; ma=2592000,quic=\":443\"; ma=2592000; v=\"46,43\"","accept-ranges":"none","transfer-encoding":"chunked"}
[warn] !  [W] undefined:undefined - Ruleset uses old version (version [1]). Please update to the latest version (version [2]). 
[info] +  cloud.firestore: rules file firestore.rules compiled successfully 
[info] i  functions: ensuring required API cloudfunctions.googleapis.com is enabled... 
[info] i  functions: ensuring required API cloudbuild.googleapis.com is enabled... 
[debug] [2021-03-13T14:34:34.883Z] >>> HTTP REQUEST GET https://serviceusage.googleapis.com/v1/projects/tm-market/services/cloudfunctions.googleapis.com  
 
[debug] [2021-03-13T14:34:34.884Z] >>> HTTP REQUEST GET https://serviceusage.googleapis.com/v1/projects/tm-market/services/runtimeconfig.googleapis.com  
 
[debug] [2021-03-13T14:34:34.884Z] >>> HTTP REQUEST GET https://serviceusage.googleapis.com/v1/projects/tm-market/services/cloudbuild.googleapis.com  
 
[debug] [2021-03-13T14:34:35.442Z] <<< HTTP RESPONSE 200 {"content-type":"application/json; charset=UTF-8","vary":"X-Origin, Referer, Origin,Accept-Encoding","date":"Sat, 13 Mar 2021 14:34:34 GMT","server":"ESF","cache-control":"private","x-xss-protection":"0","x-frame-options":"SAMEORIGIN","x-content-type-options":"nosniff","alt-svc":"h3-29=\":443\"; ma=2592000,h3-T051=\":443\"; ma=2592000,h3-Q050=\":443\"; ma=2592000,h3-Q046=\":443\"; ma=2592000,h3-Q043=\":443\"; ma=2592000,quic=\":443\"; ma=2592000; v=\"46,43\"","accept-ranges":"none","transfer-encoding":"chunked"}
[debug] [2021-03-13T14:34:35.464Z] <<< HTTP RESPONSE 200 {"content-type":"application/json; charset=UTF-8","vary":"X-Origin, Referer, Origin,Accept-Encoding","date":"Sat, 13 Mar 2021 14:34:34 GMT","server":"ESF","cache-control":"private","x-xss-protection":"0","x-frame-options":"SAMEORIGIN","x-content-type-options":"nosniff","alt-svc":"h3-29=\":443\"; ma=2592000,h3-T051=\":443\"; ma=2592000,h3-Q050=\":443\"; ma=2592000,h3-Q046=\":443\"; ma=2592000,h3-Q043=\":443\"; ma=2592000,quic=\":443\"; ma=2592000; v=\"46,43\"","accept-ranges":"none","transfer-encoding":"chunked"}
[info] +  functions: required API cloudbuild.googleapis.com is enabled 
[debug] [2021-03-13T14:34:35.478Z] <<< HTTP RESPONSE 200 {"content-type":"application/json; charset=UTF-8","vary":"X-Origin, Referer, Origin,Accept-Encoding","date":"Sat, 13 Mar 2021 14:34:34 GMT","server":"ESF","cache-control":"private","x-xss-protection":"0","x-frame-options":"SAMEORIGIN","x-content-type-options":"nosniff","alt-svc":"h3-29=\":443\"; ma=2592000,h3-T051=\":443\"; ma=2592000,h3-Q050=\":443\"; ma=2592000,h3-Q046=\":443\"; ma=2592000,h3-Q043=\":443\"; ma=2592000,quic=\":443\"; ma=2592000; v=\"46,43\"","accept-ranges":"none","transfer-encoding":"chunked"}
[info] +  functions: required API cloudfunctions.googleapis.com is enabled 
[debug] [2021-03-13T14:34:35.483Z] >>> HTTP REQUEST GET https://firebase.googleapis.com/v1beta1/projects/tm-market/adminSdkConfig  
 
[debug] [2021-03-13T14:34:36.463Z] <<< HTTP RESPONSE 200 {"content-type":"application/json; charset=UTF-8","vary":"X-Origin, Referer, Origin,Accept-Encoding","date":"Sat, 13 Mar 2021 14:34:35 GMT","server":"ESF","cache-control":"private","x-xss-protection":"0","x-frame-options":"SAMEORIGIN","x-content-type-options":"nosniff","alt-svc":"h3-29=\":443\"; ma=2592000,h3-T051=\":443\"; ma=2592000,h3-Q050=\":443\"; ma=2592000,h3-Q046=\":443\"; ma=2592000,h3-Q043=\":443\"; ma=2592000,quic=\":443\"; ma=2592000; v=\"46,43\"","accept-ranges":"none","transfer-encoding":"chunked"}
[info] i  functions: preparing functions directory for uploading... 
[debug] [2021-03-13T14:34:36.471Z] >>> HTTP REQUEST GET https://runtimeconfig.googleapis.com/v1beta1/projects/tm-market/configs  
 
[debug] [2021-03-13T14:34:37.627Z] <<< HTTP RESPONSE 200 {"content-type":"application/json; charset=UTF-8","vary":"X-Origin, Referer, Origin,Accept-Encoding","date":"Sat, 13 Mar 2021 14:34:36 GMT","server":"ESF","cache-control":"private","x-xss-protection":"0","x-frame-options":"SAMEORIGIN","x-content-type-options":"nosniff","alt-svc":"h3-29=\":443\"; ma=2592000,h3-T051=\":443\"; ma=2592000,h3-Q050=\":443\"; ma=2592000,h3-Q046=\":443\"; ma=2592000,h3-Q043=\":443\"; ma=2592000,quic=\":443\"; ma=2592000; v=\"46,43\"","accept-ranges":"none","transfer-encoding":"chunked"}
[info] i  functions: packaged functions (45.99 KB) for uploading 
[info] i  scheduler: ensuring required API cloudscheduler.googleapis.com is enabled... 
[info] i  pubsub: ensuring required API pubsub.googleapis.com is enabled... 
[debug] [2021-03-13T14:34:39.795Z] >>> HTTP REQUEST GET https://serviceusage.googleapis.com/v1/projects/tm-market/services/cloudscheduler.googleapis.com  
 
[debug] [2021-03-13T14:34:39.796Z] >>> HTTP REQUEST GET https://serviceusage.googleapis.com/v1/projects/tm-market/services/pubsub.googleapis.com  
 
[debug] [2021-03-13T14:34:40.281Z] <<< HTTP RESPONSE 200 {"content-type":"application/json; charset=UTF-8","vary":"X-Origin, Referer, Origin,Accept-Encoding","date":"Sat, 13 Mar 2021 14:34:39 GMT","server":"ESF","cache-control":"private","x-xss-protection":"0","x-frame-options":"SAMEORIGIN","x-content-type-options":"nosniff","alt-svc":"h3-29=\":443\"; ma=2592000,h3-T051=\":443\"; ma=2592000,h3-Q050=\":443\"; ma=2592000,h3-Q046=\":443\"; ma=2592000,h3-Q043=\":443\"; ma=2592000,quic=\":443\"; ma=2592000; v=\"46,43\"","accept-ranges":"none","transfer-encoding":"chunked"}
[info] +  scheduler: required API cloudscheduler.googleapis.com is enabled 
[debug] [2021-03-13T14:34:40.310Z] <<< HTTP RESPONSE 200 {"content-type":"application/json; charset=UTF-8","vary":"X-Origin, Referer, Origin,Accept-Encoding","date":"Sat, 13 Mar 2021 14:34:39 GMT","server":"ESF","cache-control":"private","x-xss-protection":"0","x-frame-options":"SAMEORIGIN","x-content-type-options":"nosniff","alt-svc":"h3-29=\":443\"; ma=2592000,h3-T051=\":443\"; ma=2592000,h3-Q050=\":443\"; ma=2592000,h3-Q046=\":443\"; ma=2592000,h3-Q043=\":443\"; ma=2592000,quic=\":443\"; ma=2592000; v=\"46,43\"","accept-ranges":"none","transfer-encoding":"chunked"}
[info] +  pubsub: required API pubsub.googleapis.com is enabled 
[debug] [2021-03-13T14:34:40.322Z] > [functions] package.json contents: {
  "name": "functions",
  "description": "Cloud Functions for Firebase",
  "scripts": {
    "serve": "firebase emulators:start --only functions",
    "shell": "firebase functions:shell",
    "start": "npm run shell",
    "deploy": "firebase deploy --only functions",
    "logs": "firebase functions:log"
  },
  "engines": {
    "node": "10"
  },
  "dependencies": {
    "express": "^4.17.1",
    "firebase": "^7.15.0",
    "firebase-admin": "^8.10.0",
    "firebase-functions": "^3.6.1"
  },
  "devDependencies": {
    "firebase-functions-test": "^0.2.0"
  },
  "private": true
}
[debug] [2021-03-13T14:34:40.337Z] >>> HTTP REQUEST GET https://firebaserules.googleapis.com/v1/projects/tm-market/releases?pageSize=10&pageToken=  
 
[debug] [2021-03-13T14:34:40.339Z] >>> HTTP REQUEST GET https://firestore.googleapis.com/v1/projects/tm-market/databases/(default)/collectionGroups/-/indexes  
 
[debug] [2021-03-13T14:34:40.574Z] <<< HTTP RESPONSE 200 {"content-type":"application/json; charset=UTF-8","vary":"X-Origin, Referer, Origin,Accept-Encoding","date":"Sat, 13 Mar 2021 14:34:39 GMT","server":"ESF","cache-control":"private","x-xss-protection":"0","x-frame-options":"SAMEORIGIN","x-content-type-options":"nosniff","alt-svc":"h3-29=\":443\"; ma=2592000,h3-T051=\":443\"; ma=2592000,h3-Q050=\":443\"; ma=2592000,h3-Q046=\":443\"; ma=2592000,h3-Q043=\":443\"; ma=2592000,quic=\":443\"; ma=2592000; v=\"46,43\"","accept-ranges":"none","transfer-encoding":"chunked"}
[debug] [2021-03-13T14:34:40.581Z] >>> HTTP REQUEST GET https://firebaserules.googleapis.com/v1/projects/tm-market/rulesets/f8904a0a-31ef-43c3-a773-7f3f19e87717  
 
[debug] [2021-03-13T14:34:40.807Z] <<< HTTP RESPONSE 200 {"content-type":"application/json; charset=UTF-8","vary":"X-Origin, Referer, Origin,Accept-Encoding","date":"Sat, 13 Mar 2021 14:34:40 GMT","server":"ESF","cache-control":"private","x-xss-protection":"0","x-frame-options":"SAMEORIGIN","x-content-type-options":"nosniff","alt-svc":"h3-29=\":443\"; ma=2592000,h3-T051=\":443\"; ma=2592000,h3-Q050=\":443\"; ma=2592000,h3-Q046=\":443\"; ma=2592000,h3-Q043=\":443\"; ma=2592000,quic=\":443\"; ma=2592000; v=\"46,43\"","accept-ranges":"none","transfer-encoding":"chunked"}
[debug] [2021-03-13T14:34:40.810Z] >>> HTTP REQUEST GET https://firestore.googleapis.com/v1/projects/tm-market/databases/(default)/collectionGroups/-/fields?filter=indexConfig.usesAncestorConfig=false  
 
[debug] [2021-03-13T14:34:40.820Z] <<< HTTP RESPONSE 200 {"content-type":"application/json; charset=UTF-8","vary":"X-Origin, Referer, Origin,Accept-Encoding","date":"Sat, 13 Mar 2021 14:34:40 GMT","server":"ESF","cache-control":"private","x-xss-protection":"0","x-frame-options":"SAMEORIGIN","x-content-type-options":"nosniff","alt-svc":"h3-29=\":443\"; ma=2592000,h3-T051=\":443\"; ma=2592000,h3-Q050=\":443\"; ma=2592000,h3-Q046=\":443\"; ma=2592000,h3-Q043=\":443\"; ma=2592000,quic=\":443\"; ma=2592000; v=\"46,43\"","accept-ranges":"none","transfer-encoding":"chunked"}
[info] i  firestore: latest version of firestore.rules already up to date, skipping upload... 
[debug] [2021-03-13T14:34:41.253Z] <<< HTTP RESPONSE 200 {"content-type":"application/json; charset=UTF-8","vary":"X-Origin, Referer, Origin,Accept-Encoding","date":"Sat, 13 Mar 2021 14:34:40 GMT","server":"ESF","cache-control":"private","x-xss-protection":"0","x-frame-options":"SAMEORIGIN","x-content-type-options":"nosniff","alt-svc":"h3-29=\":443\"; ma=2592000,h3-T051=\":443\"; ma=2592000,h3-Q050=\":443\"; ma=2592000,h3-Q046=\":443\"; ma=2592000,h3-Q043=\":443\"; ma=2592000,quic=\":443\"; ma=2592000; v=\"46,43\"","accept-ranges":"none","transfer-encoding":"chunked"}
[info] +  firestore: deployed indexes in firestore.indexes.json successfully 
[debug] [2021-03-13T14:34:41.258Z] >>> HTTP REQUEST GET https://cloudfunctions.googleapis.com/v1/projects/tm-market/locations/-/functions  
 
[debug] [2021-03-13T14:34:41.939Z] <<< HTTP RESPONSE 200 {"content-type":"application/json; charset=UTF-8","vary":"X-Origin, Referer, Origin,Accept-Encoding","date":"Sat, 13 Mar 2021 14:34:41 GMT","server":"ESF","cache-control":"private","x-xss-protection":"0","x-frame-options":"SAMEORIGIN","x-content-type-options":"nosniff","alt-svc":"h3-29=\":443\"; ma=2592000,h3-T051=\":443\"; ma=2592000,h3-Q050=\":443\"; ma=2592000,h3-Q046=\":443\"; ma=2592000,h3-Q043=\":443\"; ma=2592000,quic=\":443\"; ma=2592000; v=\"46,43\"","accept-ranges":"none","transfer-encoding":"chunked"}
[debug] [2021-03-13T14:34:41.945Z] >>> HTTP REQUEST POST https://cloudfunctions.googleapis.com/v1/projects/tm-market/locations/us-central1/functions:generateUploadUrl  
 
[debug] [2021-03-13T14:34:42.840Z] <<< HTTP RESPONSE 200 {"content-type":"application/json; charset=UTF-8","vary":"X-Origin, Referer, Origin,Accept-Encoding","date":"Sat, 13 Mar 2021 14:34:42 GMT","server":"ESF","cache-control":"private","x-xss-protection":"0","x-frame-options":"SAMEORIGIN","x-content-type-options":"nosniff","alt-svc":"h3-29=\":443\"; ma=2592000,h3-T051=\":443\"; ma=2592000,h3-Q050=\":443\"; ma=2592000,h3-Q046=\":443\"; ma=2592000,h3-Q043=\":443\"; ma=2592000,quic=\":443\"; ma=2592000; v=\"46,43\"","accept-ranges":"none","transfer-encoding":"chunked"}
[debug] [2021-03-13T14:34:42.843Z] >>> HTTP REQUEST PUT https://storage.googleapis.com/gcf-upload-us-central1-97af5cc2-b6b3-4ee4-9fbd-0fe35509795b/104a54df-4fde-494f-8420-204f4139f8e3.zip?GoogleAccessId=service-1037563924628@gcf-admin-robot.iam.gserviceaccount.com&Expires=1615647882&Signature=n14dNg54FbyqzgHSZR9MvIQwEuVBUeOfTscqOJq%2B1yjaqCtZxA74DhOyogV0NsdJNhA2QygFNqrry%2Fd3QeI9QahA4xqivMaNp4gvsovNqEJsFMqPqfblt4n%2BpwGz4L0F%2FnHhNRwgzdz8FKSHEbhOSjiE%2BYgaZOgaYQ7RA4YSHaT%2FieUZG6q0XqbT0Yot%2FtHBvyoWHbk0nGup97hUlNKr46qFyC4V%2FcptYFxjrTRF7R3WetqMQ%2FgfOQmgmpkMOg4iqYrTupISi%2BVSZHdZr16pnsaY1gLfEshdwQ3oYRM%2FhxxqCnHjhC292ubzUwEm%2Fsi8U6laGAZThOZFzDpM02JBkQ%3D%3D  
 <request body omitted>
[debug] [2021-03-13T14:34:43.271Z] <<< HTTP RESPONSE 200 {"x-guploader-uploadid":"ABg5-UxN0xY2qniWvzwBixiM1S1UqwKaggCJks35ZETkhuMzATX4bepKkcNnoSnBpOtq7Oq-VB_aZTiaDOIxtUKT0HQ","etag":"\"ce2aa5e7eac9d14d39c67167b71fc22e\"","x-goog-generation":"1615646082512442","x-goog-metageneration":"1","x-goog-hash":"crc32c=56B+ww==, md5=ziql5+rJ0U05xnFntx/CLg==","x-goog-stored-content-length":"47093","x-goog-stored-content-encoding":"identity","vary":"Origin","content-length":"0","date":"Sat, 13 Mar 2021 14:34:42 GMT","server":"UploadServer","content-type":"text/html; charset=UTF-8","alt-svc":"h3-29=\":443\"; ma=2592000,h3-T051=\":443\"; ma=2592000,h3-Q050=\":443\"; ma=2592000,h3-Q046=\":443\"; ma=2592000,h3-Q043=\":443\"; ma=2592000,quic=\":443\"; ma=2592000; v=\"46,43\""}
[info] +  functions: functions folder uploaded successfully 
[info] i  database: releasing rules... 
[debug] [2021-03-13T14:34:43.289Z] >>> HTTP REQUEST GET https://firebasedatabase.googleapis.com/v1beta/projects/tm-market/locations/-/instances/tm-market  
 
[debug] [2021-03-13T14:34:44.102Z] <<< HTTP RESPONSE 200 {"content-type":"application/json; charset=UTF-8","vary":"X-Origin, Referer, Origin,Accept-Encoding","date":"Sat, 13 Mar 2021 14:34:42 GMT","server":"ESF","cache-control":"private","x-xss-protection":"0","x-frame-options":"SAMEORIGIN","x-content-type-options":"nosniff","alt-svc":"h3-29=\":443\"; ma=2592000,h3-T051=\":443\"; ma=2592000,h3-Q050=\":443\"; ma=2592000,h3-Q046=\":443\"; ma=2592000,h3-Q043=\":443\"; ma=2592000,quic=\":443\"; ma=2592000; v=\"46,43\"","accept-ranges":"none","transfer-encoding":"chunked"}
[debug] [2021-03-13T14:34:44.108Z] >>> HTTP REQUEST PUT https://tm-market.firebaseio.com/.settings/rules.json  
 {
  "rules": {
    ".read": true,
    ".write": true
  }
}

[debug] [2021-03-13T14:34:44.468Z] <<< HTTP RESPONSE 200 {"server":"nginx","date":"Sat, 13 Mar 2021 14:34:43 GMT","content-type":"application/json; charset=utf-8","content-length":"15","connection":"keep-alive","access-control-allow-origin":"*","cache-control":"no-cache","strict-transport-security":"max-age=31556926; includeSubDomains; preload"}
[info] +  database: rules for database tm-market released successfully 
[debug] [2021-03-13T14:34:44.473Z] [rules] releasing cloud.firestore with ruleset projects/tm-market/rulesets/f8904a0a-31ef-43c3-a773-7f3f19e87717
[debug] [2021-03-13T14:34:44.474Z] >>> HTTP REQUEST PATCH https://firebaserules.googleapis.com/v1/projects/tm-market/releases/cloud.firestore  
 {"release":{"name":"projects/tm-market/releases/cloud.firestore","rulesetName":"projects/tm-market/rulesets/f8904a0a-31ef-43c3-a773-7f3f19e87717"}}
[debug] [2021-03-13T14:34:44.907Z] <<< HTTP RESPONSE 200 {"content-type":"application/json; charset=UTF-8","vary":"X-Origin, Referer, Origin,Accept-Encoding","date":"Sat, 13 Mar 2021 14:34:44 GMT","server":"ESF","cache-control":"private","x-xss-protection":"0","x-frame-options":"SAMEORIGIN","x-content-type-options":"nosniff","alt-svc":"h3-29=\":443\"; ma=2592000,h3-T051=\":443\"; ma=2592000,h3-Q050=\":443\"; ma=2592000,h3-Q046=\":443\"; ma=2592000,h3-Q043=\":443\"; ma=2592000,quic=\":443\"; ma=2592000; v=\"46,43\"","accept-ranges":"none","transfer-encoding":"chunked"}
[debug] [2021-03-13T14:34:44.908Z] [rules] updated release projects/tm-market/releases/cloud.firestore
[info] +  firestore: released rules firestore.rules to cloud.firestore 
[info] i  functions: updating Node.js 10 function api(us-central1)... 
[debug] [2021-03-13T14:34:44.929Z] >>> HTTP REQUEST PATCH https://cloudfunctions.googleapis.com/v1/projects/tm-market/locations/us-central1/functions/api {"updateMask":"sourceUploadUrl,name,labels,runtime,environmentVariables,httpsTrigger"} 
 {"sourceUploadUrl":"https://storage.googleapis.com/gcf-upload-us-central1-97af5cc2-b6b3-4ee4-9fbd-0fe35509795b/104a54df-4fde-494f-8420-204f4139f8e3.zip?GoogleAccessId=service-1037563924628@gcf-admin-robot.iam.gserviceaccount.com&Expires=1615647882&Signature=n14dNg54FbyqzgHSZR9MvIQwEuVBUeOfTscqOJq%2B1yjaqCtZxA74DhOyogV0NsdJNhA2QygFNqrry%2Fd3QeI9QahA4xqivMaNp4gvsovNqEJsFMqPqfblt4n%2BpwGz4L0F%2FnHhNRwgzdz8FKSHEbhOSjiE%2BYgaZOgaYQ7RA4YSHaT%2FieUZG6q0XqbT0Yot%2FtHBvyoWHbk0nGup97hUlNKr46qFyC4V%2FcptYFxjrTRF7R3WetqMQ%2FgfOQmgmpkMOg4iqYrTupISi%2BVSZHdZr16pnsaY1gLfEshdwQ3oYRM%2FhxxqCnHjhC292ubzUwEm%2Fsi8U6laGAZThOZFzDpM02JBkQ%3D%3D","name":"projects/tm-market/locations/us-central1/functions/api","labels":{"deployment-tool":"cli-firebase"},"httpsTrigger":{},"runtime":"nodejs10","environmentVariables":{"FIREBASE_CONFIG":"{\"projectId\":\"tm-market\",\"databaseURL\":\"https://tm-market.firebaseio.com\",\"storageBucket\":\"tm-market.appspot.com\",\"locationId\":\"us-central\"}"}}
[debug] [2021-03-13T14:34:44.933Z] >>> HTTP REQUEST GET https://cloudscheduler.googleapis.com/v1beta1/projects/tm-market/locations/us-central1/jobs/firebase-schedule-autoUpdate-us-central1  
 
[debug] [2021-03-13T14:34:45.488Z] <<< HTTP RESPONSE 200 {"content-type":"application/json; charset=UTF-8","vary":"X-Origin, Referer, Origin,Accept-Encoding","date":"Sat, 13 Mar 2021 14:34:44 GMT","server":"ESF","cache-control":"private","x-xss-protection":"0","x-frame-options":"SAMEORIGIN","x-content-type-options":"nosniff","alt-svc":"h3-29=\":443\"; ma=2592000,h3-T051=\":443\"; ma=2592000,h3-Q050=\":443\"; ma=2592000,h3-Q046=\":443\"; ma=2592000,h3-Q043=\":443\"; ma=2592000,quic=\":443\"; ma=2592000; v=\"46,43\"","accept-ranges":"none","transfer-encoding":"chunked"}
[info] i  functions: scheduler job firebase-schedule-autoUpdate-us-central1 is up to date, no changes required 
[info] +  functions[autoUpdate(us-central1)]: Successful upsert schedule operation.  
[debug] [2021-03-13T14:34:46.944Z] <<< HTTP RESPONSE 200 {"content-type":"application/json; charset=UTF-8","vary":"X-Origin, Referer, Origin,Accept-Encoding","date":"Sat, 13 Mar 2021 14:34:45 GMT","server":"ESF","cache-control":"private","x-xss-protection":"0","x-frame-options":"SAMEORIGIN","x-content-type-options":"nosniff","alt-svc":"h3-29=\":443\"; ma=2592000,h3-T051=\":443\"; ma=2592000,h3-Q050=\":443\"; ma=2592000,h3-Q046=\":443\"; ma=2592000,h3-Q043=\":443\"; ma=2592000,quic=\":443\"; ma=2592000; v=\"46,43\"","accept-ranges":"none","transfer-encoding":"chunked"}
[debug] [2021-03-13T14:34:46.948Z] > refreshing access token with scopes: []
[debug] [2021-03-13T14:34:46.949Z] >>> HTTP REQUEST POST https://www.googleapis.com/oauth2/v3/token  
 <request body omitted>
[debug] [2021-03-13T14:34:47.059Z] <<< HTTP RESPONSE 200 {"pragma":"no-cache","cache-control":"no-cache, no-store, max-age=0, must-revalidate","expires":"Mon, 01 Jan 1990 00:00:00 GMT","date":"Sat, 13 Mar 2021 14:34:46 GMT","content-type":"application/json; charset=utf-8","vary":"X-Origin, Referer, Origin,Accept-Encoding","server":"scaffolding on HTTPServer2","x-xss-protection":"0","x-frame-options":"SAMEORIGIN","x-content-type-options":"nosniff","alt-svc":"h3-29=\":443\"; ma=2592000,h3-T051=\":443\"; ma=2592000,h3-Q050=\":443\"; ma=2592000,h3-Q046=\":443\"; ma=2592000,h3-Q043=\":443\"; ma=2592000,quic=\":443\"; ma=2592000; v=\"46,43\"","accept-ranges":"none","transfer-encoding":"chunked"}
[debug] [2021-03-13T14:34:47.111Z] >>> [apiv2][query] GET https://cloudfunctions.googleapis.com/v1/operations/dG0tbWFya2V0L3VzLWNlbnRyYWwxL2FwaS9XMVd6UWh1YkZMNA [none]
[debug] [2021-03-13T14:34:47.370Z] <<< [apiv2][status] GET https://cloudfunctions.googleapis.com/v1/operations/dG0tbWFya2V0L3VzLWNlbnRyYWwxL2FwaS9XMVd6UWh1YkZMNA 200
[debug] [2021-03-13T14:34:47.371Z] <<< [apiv2][body] GET https://cloudfunctions.googleapis.com/v1/operations/dG0tbWFya2V0L3VzLWNlbnRyYWwxL2FwaS9XMVd6UWh1YkZMNA {"name":"operations/dG0tbWFya2V0L3VzLWNlbnRyYWwxL2FwaS9XMVd6UWh1YkZMNA","metadata":{"@type":"type.googleapis.com/google.cloud.functions.v1.OperationMetadataV1","target":"projects/tm-market/locations/us-central1/functions/api","type":"UPDATE_FUNCTION","request":{"@type":"type.googleapis.com/google.cloud.functions.v1.CloudFunction","name":"projects/tm-market/locations/us-central1/functions/api","httpsTrigger":{},"status":"ACTIVE","entryPoint":"api","timeout":"60s","availableMemoryMb":256,"serviceAccountEmail":"tm-market@appspot.gserviceaccount.com","updateTime":"2021-03-13T14:17:06.381Z","versionId":"497","labels":{"deployment-tool":"cli-firebase"},"sourceUploadUrl":"https://storage.googleapis.com/gcf-upload-us-central1-97af5cc2-b6b3-4ee4-9fbd-0fe35509795b/104a54df-4fde-494f-8420-204f4139f8e3.zip?GoogleAccessId=service-1037563924628@gcf-admin-robot.iam.gserviceaccount.com&Expires=1615647882&Signature=n14dNg54FbyqzgHSZR9MvIQwEuVBUeOfTscqOJq%2B1yjaqCtZxA74DhOyogV0NsdJNhA2QygFNqrry%2Fd3QeI9QahA4xqivMaNp4gvsovNqEJsFMqPqfblt4n%2BpwGz4L0F%2FnHhNRwgzdz8FKSHEbhOSjiE%2BYgaZOgaYQ7RA4YSHaT%2FieUZG6q0XqbT0Yot%2FtHBvyoWHbk0nGup97hUlNKr46qFyC4V%2FcptYFxjrTRF7R3WetqMQ%2FgfOQmgmpkMOg4iqYrTupISi%2BVSZHdZr16pnsaY1gLfEshdwQ3oYRM%2FhxxqCnHjhC292ubzUwEm%2Fsi8U6laGAZThOZFzDpM02JBkQ%3D%3D","environmentVariables":{"FIREBASE_CONFIG":"{\"projectId\":\"tm-market\",\"databaseURL\":\"https://tm-market.firebaseio.com\",\"storageBucket\":\"tm-market.appspot.com\",\"locationId\":\"us-central\"}"},"runtime":"nodejs10","ingressSettings":"ALLOW_ALL","buildId":"192ecd0f-5888-4da6-b5e5-e52db8e78d5c"},"versionId":"498","updateTime":"2021-03-13T14:34:45Z","buildId":"8eed0580-9379-49d1-841d-0af13028940e"}}
[debug] [2021-03-13T14:34:47.874Z] [update-projects/tm-market/locations/us-central1/functions/api] Retrying task index 0
[debug] [2021-03-13T14:34:47.875Z] >>> [apiv2][query] GET https://cloudfunctions.googleapis.com/v1/operations/dG0tbWFya2V0L3VzLWNlbnRyYWwxL2FwaS9XMVd6UWh1YkZMNA [none]
[debug] [2021-03-13T14:34:48.912Z] <<< [apiv2][status] GET https://cloudfunctions.googleapis.com/v1/operations/dG0tbWFya2V0L3VzLWNlbnRyYWwxL2FwaS9XMVd6UWh1YkZMNA 200
[debug] [2021-03-13T14:34:48.913Z] <<< [apiv2][body] GET https://cloudfunctions.googleapis.com/v1/operations/dG0tbWFya2V0L3VzLWNlbnRyYWwxL2FwaS9XMVd6UWh1YkZMNA {"name":"operations/dG0tbWFya2V0L3VzLWNlbnRyYWwxL2FwaS9XMVd6UWh1YkZMNA","metadata":{"@type":"type.googleapis.com/google.cloud.functions.v1.OperationMetadataV1","target":"projects/tm-market/locations/us-central1/functions/api","type":"UPDATE_FUNCTION","request":{"@type":"type.googleapis.com/google.cloud.functions.v1.CloudFunction","name":"projects/tm-market/locations/us-central1/functions/api","httpsTrigger":{},"status":"ACTIVE","entryPoint":"api","timeout":"60s","availableMemoryMb":256,"serviceAccountEmail":"tm-market@appspot.gserviceaccount.com","updateTime":"2021-03-13T14:17:06.381Z","versionId":"497","labels":{"deployment-tool":"cli-firebase"},"sourceUploadUrl":"https://storage.googleapis.com/gcf-upload-us-central1-97af5cc2-b6b3-4ee4-9fbd-0fe35509795b/104a54df-4fde-494f-8420-204f4139f8e3.zip?GoogleAccessId=service-1037563924628@gcf-admin-robot.iam.gserviceaccount.com&Expires=1615647882&Signature=n14dNg54FbyqzgHSZR9MvIQwEuVBUeOfTscqOJq%2B1yjaqCtZxA74DhOyogV0NsdJNhA2QygFNqrry%2Fd3QeI9QahA4xqivMaNp4gvsovNqEJsFMqPqfblt4n%2BpwGz4L0F%2FnHhNRwgzdz8FKSHEbhOSjiE%2BYgaZOgaYQ7RA4YSHaT%2FieUZG6q0XqbT0Yot%2FtHBvyoWHbk0nGup97hUlNKr46qFyC4V%2FcptYFxjrTRF7R3WetqMQ%2FgfOQmgmpkMOg4iqYrTupISi%2BVSZHdZr16pnsaY1gLfEshdwQ3oYRM%2FhxxqCnHjhC292ubzUwEm%2Fsi8U6laGAZThOZFzDpM02JBkQ%3D%3D","environmentVariables":{"FIREBASE_CONFIG":"{\"projectId\":\"tm-market\",\"databaseURL\":\"https://tm-market.firebaseio.com\",\"storageBucket\":\"tm-market.appspot.com\",\"locationId\":\"us-central\"}"},"runtime":"nodejs10","ingressSettings":"ALLOW_ALL","buildId":"192ecd0f-5888-4da6-b5e5-e52db8e78d5c"},"versionId":"498","updateTime":"2021-03-13T14:34:45Z","buildId":"8eed0580-9379-49d1-841d-0af13028940e"}}
[debug] [2021-03-13T14:34:49.915Z] [update-projects/tm-market/locations/us-central1/functions/api] Retrying task index 0
[debug] [2021-03-13T14:34:49.917Z] >>> [apiv2][query] GET https://cloudfunctions.googleapis.com/v1/operations/dG0tbWFya2V0L3VzLWNlbnRyYWwxL2FwaS9XMVd6UWh1YkZMNA [none]
[debug] [2021-03-13T14:34:51.249Z] <<< [apiv2][status] GET https://cloudfunctions.googleapis.com/v1/operations/dG0tbWFya2V0L3VzLWNlbnRyYWwxL2FwaS9XMVd6UWh1YkZMNA 200
[debug] [2021-03-13T14:34:51.250Z] <<< [apiv2][body] GET https://cloudfunctions.googleapis.com/v1/operations/dG0tbWFya2V0L3VzLWNlbnRyYWwxL2FwaS9XMVd6UWh1YkZMNA {"name":"operations/dG0tbWFya2V0L3VzLWNlbnRyYWwxL2FwaS9XMVd6UWh1YkZMNA","metadata":{"@type":"type.googleapis.com/google.cloud.functions.v1.OperationMetadataV1","target":"projects/tm-market/locations/us-central1/functions/api","type":"UPDATE_FUNCTION","request":{"@type":"type.googleapis.com/google.cloud.functions.v1.CloudFunction","name":"projects/tm-market/locations/us-central1/functions/api","httpsTrigger":{},"status":"ACTIVE","entryPoint":"api","timeout":"60s","availableMemoryMb":256,"serviceAccountEmail":"tm-market@appspot.gserviceaccount.com","updateTime":"2021-03-13T14:17:06.381Z","versionId":"497","labels":{"deployment-tool":"cli-firebase"},"sourceUploadUrl":"https://storage.googleapis.com/gcf-upload-us-central1-97af5cc2-b6b3-4ee4-9fbd-0fe35509795b/104a54df-4fde-494f-8420-204f4139f8e3.zip?GoogleAccessId=service-1037563924628@gcf-admin-robot.iam.gserviceaccount.com&Expires=1615647882&Signature=n14dNg54FbyqzgHSZR9MvIQwEuVBUeOfTscqOJq%2B1yjaqCtZxA74DhOyogV0NsdJNhA2QygFNqrry%2Fd3QeI9QahA4xqivMaNp4gvsovNqEJsFMqPqfblt4n%2BpwGz4L0F%2FnHhNRwgzdz8FKSHEbhOSjiE%2BYgaZOgaYQ7RA4YSHaT%2FieUZG6q0XqbT0Yot%2FtHBvyoWHbk0nGup97hUlNKr46qFyC4V%2FcptYFxjrTRF7R3WetqMQ%2FgfOQmgmpkMOg4iqYrTupISi%2BVSZHdZr16pnsaY1gLfEshdwQ3oYRM%2FhxxqCnHjhC292ubzUwEm%2Fsi8U6laGAZThOZFzDpM02JBkQ%3D%3D","environmentVariables":{"FIREBASE_CONFIG":"{\"projectId\":\"tm-market\",\"databaseURL\":\"https://tm-market.firebaseio.com\",\"storageBucket\":\"tm-market.appspot.com\",\"locationId\":\"us-central\"}"},"runtime":"nodejs10","ingressSettings":"ALLOW_ALL","buildId":"192ecd0f-5888-4da6-b5e5-e52db8e78d5c"},"versionId":"498","updateTime":"2021-03-13T14:34:45Z","buildId":"8eed0580-9379-49d1-841d-0af13028940e"}}
[debug] [2021-03-13T14:34:53.252Z] [update-projects/tm-market/locations/us-central1/functions/api] Retrying task index 0
[debug] [2021-03-13T14:34:53.253Z] >>> [apiv2][query] GET https://cloudfunctions.googleapis.com/v1/operations/dG0tbWFya2V0L3VzLWNlbnRyYWwxL2FwaS9XMVd6UWh1YkZMNA [none]
[debug] [2021-03-13T14:34:53.479Z] <<< [apiv2][status] GET https://cloudfunctions.googleapis.com/v1/operations/dG0tbWFya2V0L3VzLWNlbnRyYWwxL2FwaS9XMVd6UWh1YkZMNA 200
[debug] [2021-03-13T14:34:53.480Z] <<< [apiv2][body] GET https://cloudfunctions.googleapis.com/v1/operations/dG0tbWFya2V0L3VzLWNlbnRyYWwxL2FwaS9XMVd6UWh1YkZMNA {"name":"operations/dG0tbWFya2V0L3VzLWNlbnRyYWwxL2FwaS9XMVd6UWh1YkZMNA","metadata":{"@type":"type.googleapis.com/google.cloud.functions.v1.OperationMetadataV1","target":"projects/tm-market/locations/us-central1/functions/api","type":"UPDATE_FUNCTION","request":{"@type":"type.googleapis.com/google.cloud.functions.v1.CloudFunction","name":"projects/tm-market/locations/us-central1/functions/api","httpsTrigger":{},"status":"ACTIVE","entryPoint":"api","timeout":"60s","availableMemoryMb":256,"serviceAccountEmail":"tm-market@appspot.gserviceaccount.com","updateTime":"2021-03-13T14:17:06.381Z","versionId":"497","labels":{"deployment-tool":"cli-firebase"},"sourceUploadUrl":"https://storage.googleapis.com/gcf-upload-us-central1-97af5cc2-b6b3-4ee4-9fbd-0fe35509795b/104a54df-4fde-494f-8420-204f4139f8e3.zip?GoogleAccessId=service-1037563924628@gcf-admin-robot.iam.gserviceaccount.com&Expires=1615647882&Signature=n14dNg54FbyqzgHSZR9MvIQwEuVBUeOfTscqOJq%2B1yjaqCtZxA74DhOyogV0NsdJNhA2QygFNqrry%2Fd3QeI9QahA4xqivMaNp4gvsovNqEJsFMqPqfblt4n%2BpwGz4L0F%2FnHhNRwgzdz8FKSHEbhOSjiE%2BYgaZOgaYQ7RA4YSHaT%2FieUZG6q0XqbT0Yot%2FtHBvyoWHbk0nGup97hUlNKr46qFyC4V%2FcptYFxjrTRF7R3WetqMQ%2FgfOQmgmpkMOg4iqYrTupISi%2BVSZHdZr16pnsaY1gLfEshdwQ3oYRM%2FhxxqCnHjhC292ubzUwEm%2Fsi8U6laGAZThOZFzDpM02JBkQ%3D%3D","environmentVariables":{"FIREBASE_CONFIG":"{\"projectId\":\"tm-market\",\"databaseURL\":\"https://tm-market.firebaseio.com\",\"storageBucket\":\"tm-market.appspot.com\",\"locationId\":\"us-central\"}"},"runtime":"nodejs10","ingressSettings":"ALLOW_ALL","buildId":"192ecd0f-5888-4da6-b5e5-e52db8e78d5c"},"versionId":"498","updateTime":"2021-03-13T14:34:45Z","buildId":"8eed0580-9379-49d1-841d-0af13028940e"}}
[debug] [2021-03-13T14:34:57.483Z] [update-projects/tm-market/locations/us-central1/functions/api] Retrying task index 0
[debug] [2021-03-13T14:34:57.484Z] >>> [apiv2][query] GET https://cloudfunctions.googleapis.com/v1/operations/dG0tbWFya2V0L3VzLWNlbnRyYWwxL2FwaS9XMVd6UWh1YkZMNA [none]
[debug] [2021-03-13T14:34:57.673Z] <<< [apiv2][status] GET https://cloudfunctions.googleapis.com/v1/operations/dG0tbWFya2V0L3VzLWNlbnRyYWwxL2FwaS9XMVd6UWh1YkZMNA 200
[debug] [2021-03-13T14:34:57.674Z] <<< [apiv2][body] GET https://cloudfunctions.googleapis.com/v1/operations/dG0tbWFya2V0L3VzLWNlbnRyYWwxL2FwaS9XMVd6UWh1YkZMNA {"name":"operations/dG0tbWFya2V0L3VzLWNlbnRyYWwxL2FwaS9XMVd6UWh1YkZMNA","metadata":{"@type":"type.googleapis.com/google.cloud.functions.v1.OperationMetadataV1","target":"projects/tm-market/locations/us-central1/functions/api","type":"UPDATE_FUNCTION","request":{"@type":"type.googleapis.com/google.cloud.functions.v1.CloudFunction","name":"projects/tm-market/locations/us-central1/functions/api","httpsTrigger":{},"status":"ACTIVE","entryPoint":"api","timeout":"60s","availableMemoryMb":256,"serviceAccountEmail":"tm-market@appspot.gserviceaccount.com","updateTime":"2021-03-13T14:17:06.381Z","versionId":"497","labels":{"deployment-tool":"cli-firebase"},"sourceUploadUrl":"https://storage.googleapis.com/gcf-upload-us-central1-97af5cc2-b6b3-4ee4-9fbd-0fe35509795b/104a54df-4fde-494f-8420-204f4139f8e3.zip?GoogleAccessId=service-1037563924628@gcf-admin-robot.iam.gserviceaccount.com&Expires=1615647882&Signature=n14dNg54FbyqzgHSZR9MvIQwEuVBUeOfTscqOJq%2B1yjaqCtZxA74DhOyogV0NsdJNhA2QygFNqrry%2Fd3QeI9QahA4xqivMaNp4gvsovNqEJsFMqPqfblt4n%2BpwGz4L0F%2FnHhNRwgzdz8FKSHEbhOSjiE%2BYgaZOgaYQ7RA4YSHaT%2FieUZG6q0XqbT0Yot%2FtHBvyoWHbk0nGup97hUlNKr46qFyC4V%2FcptYFxjrTRF7R3WetqMQ%2FgfOQmgmpkMOg4iqYrTupISi%2BVSZHdZr16pnsaY1gLfEshdwQ3oYRM%2FhxxqCnHjhC292ubzUwEm%2Fsi8U6laGAZThOZFzDpM02JBkQ%3D%3D","environmentVariables":{"FIREBASE_CONFIG":"{\"projectId\":\"tm-market\",\"databaseURL\":\"https://tm-market.firebaseio.com\",\"storageBucket\":\"tm-market.appspot.com\",\"locationId\":\"us-central\"}"},"runtime":"nodejs10","ingressSettings":"ALLOW_ALL","buildId":"192ecd0f-5888-4da6-b5e5-e52db8e78d5c"},"versionId":"498","updateTime":"2021-03-13T14:34:45Z","buildId":"8eed0580-9379-49d1-841d-0af13028940e"}}
[debug] [2021-03-13T14:35:05.677Z] [update-projects/tm-market/locations/us-central1/functions/api] Retrying task index 0
[debug] [2021-03-13T14:35:05.678Z] >>> [apiv2][query] GET https://cloudfunctions.googleapis.com/v1/operations/dG0tbWFya2V0L3VzLWNlbnRyYWwxL2FwaS9XMVd6UWh1YkZMNA [none]
[debug] [2021-03-13T14:35:05.849Z] <<< [apiv2][status] GET https://cloudfunctions.googleapis.com/v1/operations/dG0tbWFya2V0L3VzLWNlbnRyYWwxL2FwaS9XMVd6UWh1YkZMNA 200
[debug] [2021-03-13T14:35:05.849Z] <<< [apiv2][body] GET https://cloudfunctions.googleapis.com/v1/operations/dG0tbWFya2V0L3VzLWNlbnRyYWwxL2FwaS9XMVd6UWh1YkZMNA {"name":"operations/dG0tbWFya2V0L3VzLWNlbnRyYWwxL2FwaS9XMVd6UWh1YkZMNA","metadata":{"@type":"type.googleapis.com/google.cloud.functions.v1.OperationMetadataV1","target":"projects/tm-market/locations/us-central1/functions/api","type":"UPDATE_FUNCTION","request":{"@type":"type.googleapis.com/google.cloud.functions.v1.CloudFunction","name":"projects/tm-market/locations/us-central1/functions/api","httpsTrigger":{},"status":"ACTIVE","entryPoint":"api","timeout":"60s","availableMemoryMb":256,"serviceAccountEmail":"tm-market@appspot.gserviceaccount.com","updateTime":"2021-03-13T14:17:06.381Z","versionId":"497","labels":{"deployment-tool":"cli-firebase"},"sourceUploadUrl":"https://storage.googleapis.com/gcf-upload-us-central1-97af5cc2-b6b3-4ee4-9fbd-0fe35509795b/104a54df-4fde-494f-8420-204f4139f8e3.zip?GoogleAccessId=service-1037563924628@gcf-admin-robot.iam.gserviceaccount.com&Expires=1615647882&Signature=n14dNg54FbyqzgHSZR9MvIQwEuVBUeOfTscqOJq%2B1yjaqCtZxA74DhOyogV0NsdJNhA2QygFNqrry%2Fd3QeI9QahA4xqivMaNp4gvsovNqEJsFMqPqfblt4n%2BpwGz4L0F%2FnHhNRwgzdz8FKSHEbhOSjiE%2BYgaZOgaYQ7RA4YSHaT%2FieUZG6q0XqbT0Yot%2FtHBvyoWHbk0nGup97hUlNKr46qFyC4V%2FcptYFxjrTRF7R3WetqMQ%2FgfOQmgmpkMOg4iqYrTupISi%2BVSZHdZr16pnsaY1gLfEshdwQ3oYRM%2FhxxqCnHjhC292ubzUwEm%2Fsi8U6laGAZThOZFzDpM02JBkQ%3D%3D","environmentVariables":{"FIREBASE_CONFIG":"{\"projectId\":\"tm-market\",\"databaseURL\":\"https://tm-market.firebaseio.com\",\"storageBucket\":\"tm-market.appspot.com\",\"locationId\":\"us-central\"}"},"runtime":"nodejs10","ingressSettings":"ALLOW_ALL","buildId":"192ecd0f-5888-4da6-b5e5-e52db8e78d5c"},"versionId":"498","updateTime":"2021-03-13T14:34:45Z","buildId":"8eed0580-9379-49d1-841d-0af13028940e"}}
[debug] [2021-03-13T14:35:21.851Z] [update-projects/tm-market/locations/us-central1/functions/api] Retrying task index 0
[debug] [2021-03-13T14:35:21.852Z] >>> [apiv2][query] GET https://cloudfunctions.googleapis.com/v1/operations/dG0tbWFya2V0L3VzLWNlbnRyYWwxL2FwaS9XMVd6UWh1YkZMNA [none]
[debug] [2021-03-13T14:35:22.042Z] <<< [apiv2][status] GET https://cloudfunctions.googleapis.com/v1/operations/dG0tbWFya2V0L3VzLWNlbnRyYWwxL2FwaS9XMVd6UWh1YkZMNA 200
[debug] [2021-03-13T14:35:22.042Z] <<< [apiv2][body] GET https://cloudfunctions.googleapis.com/v1/operations/dG0tbWFya2V0L3VzLWNlbnRyYWwxL2FwaS9XMVd6UWh1YkZMNA {"name":"operations/dG0tbWFya2V0L3VzLWNlbnRyYWwxL2FwaS9XMVd6UWh1YkZMNA","metadata":{"@type":"type.googleapis.com/google.cloud.functions.v1.OperationMetadataV1","target":"projects/tm-market/locations/us-central1/functions/api","type":"UPDATE_FUNCTION","request":{"@type":"type.googleapis.com/google.cloud.functions.v1.CloudFunction","name":"projects/tm-market/locations/us-central1/functions/api","httpsTrigger":{},"status":"ACTIVE","entryPoint":"api","timeout":"60s","availableMemoryMb":256,"serviceAccountEmail":"tm-market@appspot.gserviceaccount.com","updateTime":"2021-03-13T14:17:06.381Z","versionId":"497","labels":{"deployment-tool":"cli-firebase"},"sourceUploadUrl":"https://storage.googleapis.com/gcf-upload-us-central1-97af5cc2-b6b3-4ee4-9fbd-0fe35509795b/104a54df-4fde-494f-8420-204f4139f8e3.zip?GoogleAccessId=service-1037563924628@gcf-admin-robot.iam.gserviceaccount.com&Expires=1615647882&Signature=n14dNg54FbyqzgHSZR9MvIQwEuVBUeOfTscqOJq%2B1yjaqCtZxA74DhOyogV0NsdJNhA2QygFNqrry%2Fd3QeI9QahA4xqivMaNp4gvsovNqEJsFMqPqfblt4n%2BpwGz4L0F%2FnHhNRwgzdz8FKSHEbhOSjiE%2BYgaZOgaYQ7RA4YSHaT%2FieUZG6q0XqbT0Yot%2FtHBvyoWHbk0nGup97hUlNKr46qFyC4V%2FcptYFxjrTRF7R3WetqMQ%2FgfOQmgmpkMOg4iqYrTupISi%2BVSZHdZr16pnsaY1gLfEshdwQ3oYRM%2FhxxqCnHjhC292ubzUwEm%2Fsi8U6laGAZThOZFzDpM02JBkQ%3D%3D","environmentVariables":{"FIREBASE_CONFIG":"{\"projectId\":\"tm-market\",\"databaseURL\":\"https://tm-market.firebaseio.com\",\"storageBucket\":\"tm-market.appspot.com\",\"locationId\":\"us-central\"}"},"runtime":"nodejs10","ingressSettings":"ALLOW_ALL","buildId":"192ecd0f-5888-4da6-b5e5-e52db8e78d5c"},"versionId":"498","updateTime":"2021-03-13T14:34:45Z","buildId":"8eed0580-9379-49d1-841d-0af13028940e"}}
